<testsuite name="Django Project Tests" errors="0" failures="0" skips="0" tests="2" time="0.571"><testcase time="0.000076" classname="ecommerceWebSite.test.MyTestCase" name="test_something" /><testcase time="0.570322" classname="ecommerceWebSite.test.MyTestCase" name="test_whatever_list_view" /></testsuite>